Arguments: 
  /usr/local/Cellar/node/20.2.0/bin/node /usr/local/bin/yarn add moment

PATH: 
  /usr/local/bin:/usr/bin:/bin:/usr/sbin:/sbin:/Library/Apple/usr/bin:/Users/macuser/Library/Android/sdk/platform-tools:/Users/macuser/Library/Android/sdk/tools:/Users/macuser/Library/Android/sdk/emulator:/Users/macuser/Library/Android/sdk/tools/bin:/Users/macuser/Library/Android/sdk/emulator:/Users/macuser/Library/Android/sdk/tools:/Users/macuser/Library/Android/sdk/tools/bin:/Users/macuser/Library/Android/sdk/platform-tools

Yarn version: 
  1.22.17

Node version: 
  20.2.0

Platform: 
  darwin x64

Trace: 
  Error [ERR_SOCKET_CONNECTION_TIMEOUT]: Socket connection timeout
      at new NodeError (node:internal/errors:399:5)
      at internalConnectMultiple (node:net:1099:20)
      at Timeout.internalConnectMultipleTimeout (node:net:1638:3)
      at listOnTimeout (node:internal/timers:575:11)
      at process.processTimers (node:internal/timers:514:7)

npm manifest: 
  {
    "name": "mobileapp",
    "version": "1.0.0",
    "main": "node_modules/expo/AppEntry.js",
    "scripts": {
      "start": "expo start",
      "android": "expo start --android",
      "ios": "expo start --ios",
      "web": "expo start --web"
    },
    "dependencies": {
      "@hookform/resolvers": "^3.1.1",
      "@react-native-async-storage/async-storage": "1.17.11",
      "@react-navigation/native": "^6.1.7",
      "@react-navigation/native-stack": "^6.9.13",
      "expo": "~48.0.18",
      "expo-constants": "~14.2.1",
      "expo-linking": "~4.0.1",
      "expo-router": "^1.0.0",
      "expo-status-bar": "~1.4.4",
      "firebase": "^10.0.0",
      "react": "18.2.0",
      "react-hook-form": "^7.45.2",
      "react-i18next": "^13.0.2",
      "react-native": "0.71.8",
      "react-native-gesture-handler": "~2.9.0",
      "react-native-paper": "^5.9.1",
      "react-native-safe-area-context": "^4.5.0",
      "react-native-screens": "~3.20.0",
      "react-native-vector-icons": "^10.0.0",
      "yup": "^1.2.0"
    },
    "devDependencies": {
      "@babel/core": "^7.20.0"
    },
    "private": true
  }

yarn manifest: 
  No manifest

Lockfile: 
  No lockfile
